#
# There is insufficient memory for the Java Runtime Environment to continue.
# Native memory allocation (malloc) failed to allocate 1048576 bytes for AllocateHeap
# Possible reasons:
#   The system is out of physical RAM or swap space
#   In 32 bit mode, the process size limit was hit
# Possible solutions:
#   Reduce memory load on the system
#   Increase physical memory or swap space
#   Check if swap backing store is full
#   Use 64 bit Java on a 64 bit OS
#   Decrease Java heap size (-Xmx/-Xms)
#   Decrease number of Java threads
#   Decrease Java thread stack sizes (-Xss)
#   Set larger code cache with -XX:ReservedCodeCacheSize=
# This output file may be truncated or incomplete.
#
#  Out of Memory Error (memory/allocation.inline.hpp:61), pid=19160, tid=19140
#
# JRE version:  (7.0_79-b15) (build )
# Java VM: Java HotSpot(TM) 64-Bit Server VM (24.79-b02 mixed mode windows-amd64 compressed oops)
# Failed to write core dump. Minidumps are not enabled by default on client versions of Windows
#

---------------  T H R E A D  ---------------

Current thread (0x0000000002830800):  JavaThread "Unknown thread" [_thread_in_vm, id=19140, stack(0x0000000002730000,0x0000000002830000)]

Stack: [0x0000000002730000,0x0000000002830000]
[error occurred during error reporting (printing stack bounds), id 0xc0000005]


---------------  P R O C E S S  ---------------

Java Threads: ( => current thread )

Other Threads:

=>0x0000000002830800 (exited) JavaThread "Unknown thread" [_thread_in_vm, id=19140, stack(0x0000000002730000,0x0000000002830000)]

VM state:not at safepoint (normal execution)

VM Mutex/Monitor currently owned by a thread: None

Heap
 PSYoungGen      total 18944K, used 327K [0x00000000eb300000, 0x00000000ec800000, 0x0000000100000000)
  eden space 16384K, 2% used [0x00000000eb300000,0x00000000eb351f10,0x00000000ec300000)
  from space 2560K, 0% used [0x00000000ec580000,0x00000000ec580000,0x00000000ec800000)
  to   space 2560K, 0% used [0x00000000ec300000,0x00000000ec300000,0x00000000ec580000)
 ParOldGen       total 42496K, used 0K [0x00000000c1a00000, 0x00000000c4380000, 0x00000000eb300000)
  object space 42496K, 0% used [0x00000000c1a00000,0x00000000c1a00000,0x00000000c4380000)
 PSPermGen       total 21504K, used 679K [0x00000000bc800000, 0x00000000bdd00000, 0x00000000c1a00000)
  object space 21504K, 3% used [0x00000000bc800000,0x00000000bc8a9f80,0x00000000bdd00000)

Card table byte_map: [0x00000000059f0000,0x0000000005c10000] byte_map_base: 0x000000000540c000

Polling page: 0x0000000002680000

Code Cache  [0x0000000002930000, 0x0000000002ba0000, 0x0000000005930000)
 total_blobs=38 nmethods=0 adapters=20 free_code_cache=48889Kb largest_free_block=50062528

Compilation events (0 events):
No events

GC Heap History (0 events):
No events

Deoptimization events (0 events):
No events

Internal exceptions (0 events):
No events

Events (10 events):
Event: 0.033 loading class 0x0000000002875790
Event: 0.033 loading class 0x0000000002875790 done
Event: 0.033 loading class 0x00000000028757e0
Event: 0.033 loading class 0x00000000028757e0 done
Event: 0.033 loading class 0x0000000002875830
Event: 0.034 loading class 0x0000000002875830 done
Event: 0.034 loading class 0x00000000028765b0
Event: 0.034 loading class 0x00000000028765b0 done
Event: 0.034 loading class 0x00000000028761d0
Event: 0.034 loading class 0x00000000028761d0 done


Dynamic libraries:
0x00007ff71e370000 - 0x00007ff71e3a3000 	C:\Program Files\Java\jre7\bin\javaw.exe
0x00007ffd01c90000 - 0x00007ffd01e51000 	C:\WINDOWS\SYSTEM32\ntdll.dll
0x00007ffd009d0000 - 0x00007ffd00a7d000 	C:\WINDOWS\system32\KERNEL32.DLL
0x00007ffcff010000 - 0x00007ffcff1ed000 	C:\WINDOWS\system32\KERNELBASE.dll
0x00007ffd01780000 - 0x00007ffd01826000 	C:\WINDOWS\system32\ADVAPI32.dll
0x00007ffd016e0000 - 0x00007ffd0177d000 	C:\WINDOWS\system32\msvcrt.dll
0x00007ffd00ba0000 - 0x00007ffd00bfb000 	C:\WINDOWS\system32\sechost.dll
0x00007ffd011d0000 - 0x00007ffd012f6000 	C:\WINDOWS\system32\RPCRT4.dll
0x00007ffd01580000 - 0x00007ffd016ce000 	C:\WINDOWS\system32\USER32.dll
0x00007ffd01950000 - 0x00007ffd01ad6000 	C:\WINDOWS\system32\GDI32.dll
0x00007ffcf20f0000 - 0x00007ffcf2364000 	C:\WINDOWS\WinSxS\amd64_microsoft.windows.common-controls_6595b64144ccf1df_6.0.10240.16384_none_f41f7b285750ef43\COMCTL32.dll
0x00007ffd01910000 - 0x00007ffd01946000 	C:\WINDOWS\system32\IMM32.DLL
0x00007ffd00c00000 - 0x00007ffd00d5c000 	C:\WINDOWS\system32\MSCTF.dll
0x00000000727e0000 - 0x00000000728b2000 	C:\Program Files\Java\jre7\bin\msvcr100.dll
0x0000000072000000 - 0x00000000727d5000 	C:\Program Files\Java\jre7\bin\server\jvm.dll
0x00007ffd016d0000 - 0x00007ffd016d8000 	C:\WINDOWS\system32\PSAPI.DLL
0x00007ffcfb5e0000 - 0x00007ffcfb5e9000 	C:\WINDOWS\SYSTEM32\WSOCK32.dll
0x00007ffcfca70000 - 0x00007ffcfca93000 	C:\WINDOWS\SYSTEM32\WINMM.dll
0x00007ffd00960000 - 0x00007ffd009c9000 	C:\WINDOWS\system32\WS2_32.dll
0x0000000002650000 - 0x000000000267c000 	C:\WINDOWS\SYSTEM32\WINMMBASE.dll
0x00007ffcfe930000 - 0x00007ffcfe974000 	C:\WINDOWS\system32\cfgmgr32.dll
0x00007ffd00ae0000 - 0x00007ffd00ae8000 	C:\WINDOWS\system32\NSI.dll
0x00007ffcfd030000 - 0x00007ffcfd057000 	C:\WINDOWS\SYSTEM32\DEVOBJ.dll
0x0000000072b10000 - 0x0000000072b1f000 	C:\Program Files\Java\jre7\bin\verify.dll
0x0000000072ae0000 - 0x0000000072b08000 	C:\Program Files\Java\jre7\bin\java.dll
0x0000000071fe0000 - 0x0000000071ff5000 	C:\Program Files\Java\jre7\bin\zip.dll

VM Arguments:
jvm_args: -Dfile.encoding=UTF-8 
java_command: com.parser.JavaParseraf.AppStruct
Launcher Type: SUN_STANDARD

Environment Variables:
PATH=C:\Program Files (x86)\Intel\iCLS Client\;C:\Program Files\Intel\iCLS Client\;C:\Program Files (x86)\AMD APP\bin\x86_64;C:\Program Files (x86)\AMD APP\bin\x86;C:\WINDOWS\system32;C:\WINDOWS;C:\WINDOWS\System32\Wbem;C:\WINDOWS\System32\WindowsPowerShell\v1.0\;C:\Program Files (x86)\Windows Live\Shared;C:\Program Files (x86)\ATI Technologies\ATI.ACE\Core-Static;C:\Program Files\Intel\Intel(R) Management Engine Components\DAL;C:\Program Files\Intel\Intel(R) Management Engine Components\IPT;C:\Program Files (x86)\Intel\Intel(R) Management Engine Components\DAL;C:\Program Files (x86)\Intel\Intel(R) Management Engine Components\IPT;C:\Program Files (x86)\Skype\Phone\
USERNAME=saurabh-pc
OS=Windows_NT
PROCESSOR_IDENTIFIER=Intel64 Family 6 Model 58 Stepping 9, GenuineIntel



---------------  S Y S T E M  ---------------

OS: Windows 8.1 , 64 bit Build 9600 

CPU:total 4 (2 cores per cpu, 2 threads per core) family 6 model 58 stepping 9, cmov, cx8, fxsr, mmx, sse, sse2, sse3, ssse3, sse4.1, sse4.2, popcnt, avx, aes, erms, ht, tsc, tscinvbit, tscinv

Memory: 4k page, physical 4083996k(519612k free), swap 16666908k(6140k free)

vm_info: Java HotSpot(TM) 64-Bit Server VM (24.79-b02) for windows-amd64 JRE (1.7.0_79-b15), built on Apr 10 2015 12:36:16 by "java_re" with unknown MS VC++:1600

time: Sat Oct 31 08:23:09 2015
elapsed time: 0 seconds

